
Jupyter server is running on: c37-12
Job starts at: Sun Nov 11 23:19:12 EST 2018

Step 1 :

If you are working in NYU campus, please open an iTerm window, run command

ssh -L 6210:localhost:6210 sb3923@prince.hpc.nyu.edu

If you are working off campus, you should already have ssh tunneling setup through HPC bastion host, 
that you can directly login to prince with command

ssh sb3923@prince

Please open an iTerm window, run command

ssh -L 6210:localhost:6210 sb3923@prince

Step 2:

Keep the iTerm windows in the previouse step open. Now open browser, find the line with

The Jupyter Notebook is running at: c37-12

the URL is something: http://localhost:6210/?token=XXXXXXXX (see your token below)

you should be able to connect to jupyter notebook running remotly on prince compute node with above url

[I 23:19:14.113 NotebookApp] Writing notebook server cookie secret to /state/partition1/job-9933605/jupyter/notebook_cookie_secret
[W 23:19:14.670 NotebookApp] Widgets are unavailable. Please install widgetsnbextension or ipywidgets 4.0
[I 23:19:14.695 NotebookApp] Serving notebooks from local directory: /scratch/sb3923/deep-cancer
[I 23:19:14.696 NotebookApp] 0 active kernels 
[I 23:19:14.696 NotebookApp] The Jupyter Notebook is running at: http://localhost:6210/?token=eb2acf3bc9da3d00473148b37aaa1f030d430bc0a30256da
[I 23:19:14.696 NotebookApp] Use Control-C to stop this server and shut down all kernels (twice to skip confirmation).
[C 23:19:14.696 NotebookApp] 
    
    Copy/paste this URL into your browser when you connect for the first time,
    to login with a token:
        http://localhost:6210/?token=eb2acf3bc9da3d00473148b37aaa1f030d430bc0a30256da
[I 23:22:11.982 NotebookApp] 302 GET /?token=eb2acf3bc9da3d00473148b37aaa1f030d430bc0a30256da (::1) 0.81ms
[W 23:22:37.125 NotebookApp] 404 GET /nbextensions/widgets/notebook/js/extension.js?v=20181111231914 (::1) 9.37ms referer=http://localhost:6210/notebooks/iPython%20Notebooks/test-sb.ipynb
[I 23:22:38.187 NotebookApp] Kernel started: 7b48b752-5481-4357-8ca5-afaf34a5f8ae
[W 23:24:29.425 NotebookApp] 404 GET /nbextensions/widgets/notebook/js/extension.js?v=20181111231914 (::1) 2.81ms referer=http://localhost:6210/notebooks/test-sb.ipynb
[I 23:24:30.845 NotebookApp] Kernel started: bf9f3dee-6bbb-4163-87c5-123b0595f3ef
[I 23:26:30.899 NotebookApp] Saving file at /test-sb.ipynb
[I 23:28:30.889 NotebookApp] Saving file at /test-sb.ipynb
[I 23:30:30.927 NotebookApp] Saving file at /test-sb.ipynb
[I 23:34:30.885 NotebookApp] Saving file at /test-sb.ipynb
[I 23:36:31.750 NotebookApp] Saving file at /test-sb.ipynb
[I 23:36:45.739 NotebookApp] Saving file at /test.py
[I 23:40:30.894 NotebookApp] Saving file at /test-sb.ipynb
[I 00:02:30.956 NotebookApp] Saving file at /test-sb.ipynb
[W 14:46:03.678 NotebookApp] 404 GET /nbextensions/widgets/notebook/js/extension.js?v=20181111231914 (::1) 14.06ms referer=http://localhost:6210/notebooks/test-mapping-func.ipynb
[I 14:46:04.198 NotebookApp] Kernel started: 36753143-83ae-487f-8ba1-078e37148b45
[I 14:48:04.512 NotebookApp] Saving file at /test-mapping-func.ipynb
[I 14:50:04.234 NotebookApp] Saving file at /test-mapping-func.ipynb
[I 14:52:04.232 NotebookApp] Saving file at /test-mapping-func.ipynb
[I 14:54:04.229 NotebookApp] Saving file at /test-mapping-func.ipynb
[I 14:56:04.349 NotebookApp] Saving file at /test-mapping-func.ipynb
[I 14:58:04.246 NotebookApp] Saving file at /test-mapping-func.ipynb
[W 15:31:09.618 NotebookApp] 404 GET /nbextensions/widgets/notebook/js/extension.js?v=20181111231914 (::1) 2.48ms referer=http://localhost:6210/notebooks/test-sb.ipynb
[W 15:32:54.544 NotebookApp] 404 GET /nbextensions/widgets/notebook/js/extension.js?v=20181111231914 (::1) 5.26ms referer=http://localhost:6210/notebooks/test-mapping-test.ipynb
[I 15:32:55.774 NotebookApp] Kernel started: 3ec2de01-0800-4636-a7a6-f8d941961325
[W 15:34:06.999 NotebookApp] 404 GET /nbextensions/widgets/notebook/js/extension.js?v=20181111231914 (::1) 2.34ms referer=http://localhost:6210/notebooks/test-sb.ipynb
[W 15:37:04.138 NotebookApp] Notebook iPython Notebooks/100RandomExamples.ipynb is not trusted
[W 15:37:08.503 NotebookApp] 404 GET /nbextensions/widgets/notebook/js/extension.js?v=20181111231914 (::1) 3.89ms referer=http://localhost:6210/notebooks/iPython%20Notebooks/100RandomExamples.ipynb
[I 15:38:29.759 NotebookApp] Kernel started: 3b9427da-0134-41f4-948b-d3d54fd30902
[W 15:42:13.098 NotebookApp] Notebook iPython Notebooks/100RandomExamples_sb.ipynb is not trusted
[W 15:42:15.582 NotebookApp] 404 GET /nbextensions/widgets/notebook/js/extension.js?v=20181111231914 (::1) 3.18ms referer=http://localhost:6210/notebooks/iPython%20Notebooks/100RandomExamples_sb.ipynb
[W 15:43:35.575 NotebookApp] Notebook iPython Notebooks/100RandomExamples_sb.ipynb is not trusted
[W 15:43:38.031 NotebookApp] 404 GET /nbextensions/widgets/notebook/js/extension.js?v=20181111231914 (::1) 2.34ms referer=http://localhost:6210/notebooks/iPython%20Notebooks/100RandomExamples_sb.ipynb
[I 15:43:50.009 NotebookApp] Kernel shutdown: 3b9427da-0134-41f4-948b-d3d54fd30902
[W 15:43:57.990 NotebookApp] Notebook iPython Notebooks/100RandomExamples_sb.ipynb is not trusted
[W 15:44:26.999 NotebookApp] 404 GET /nbextensions/widgets/notebook/js/extension.js?v=20181111231914 (::1) 3.38ms referer=http://localhost:6210/notebooks/iPython%20Notebooks/100RandomExamples_sb.ipynb
[I 15:45:39.210 NotebookApp] Kernel started: 3a4c19fb-477d-4ff5-b006-0d8dd9cf4e85
[W 15:46:48.629 NotebookApp] 404 GET /nbextensions/widgets/notebook/js/extension.js?v=20181111231914 (::1) 2.74ms referer=http://localhost:6210/notebooks/iPython%20Notebooks/viz_sb.ipynb
[I 15:46:49.463 NotebookApp] Kernel started: 83a444c5-0cdd-4764-b204-854086280d14
[I 15:48:49.999 NotebookApp] Saving file at /iPython Notebooks/viz_sb.ipynb
[I 15:50:49.959 NotebookApp] Saving file at /iPython Notebooks/viz_sb.ipynb
[I 15:52:50.006 NotebookApp] Saving file at /iPython Notebooks/viz_sb.ipynb
[I 15:58:50.317 NotebookApp] Saving file at /iPython Notebooks/viz_sb.ipynb
[I 16:00:52.637 NotebookApp] Saving file at /iPython Notebooks/viz_sb.ipynb
[W 16:22:46.935 NotebookApp] 404 GET /nbextensions/widgets/notebook/js/extension.js?v=20181111231914 (::1) 2.75ms referer=http://localhost:6210/notebooks/test-mapping-test.ipynb
[W 16:23:09.317 NotebookApp] 404 GET /nbextensions/widgets/notebook/js/extension.js?v=20181111231914 (::1) 2.42ms referer=http://localhost:6210/notebooks/test-mapping-func.ipynb
[I 16:25:09.750 NotebookApp] Saving file at /test-mapping-func.ipynb
[I 18:18:48.316 NotebookApp] Saving file at /test-mapping-test.ipynb
[I 18:38:48.617 NotebookApp] Saving file at /test-mapping-test.ipynb
[I 18:40:48.293 NotebookApp] Saving file at /test-mapping-test.ipynb
[I 18:42:48.307 NotebookApp] Saving file at /test-mapping-test.ipynb
[I 19:04:48.901 NotebookApp] Saving file at /test-mapping-test.ipynb
[I 19:06:49.161 NotebookApp] Saving file at /test-mapping-test.ipynb
[I 19:10:48.536 NotebookApp] Saving file at /test-mapping-test.ipynb
[W 19:39:39.819 NotebookApp] WebSocket ping timeout after 119982 ms.
[W 19:41:17.930 NotebookApp] WebSocket ping timeout after 92975 ms.
[W 19:41:20.504 NotebookApp] WebSocket ping timeout after 95548 ms.
slurmstepd: error: *** JOB 9933605 ON c37-12 CANCELLED AT 2018-11-13T22:19:27 DUE TO TIME LIMIT ***
