
Jupyter server is running on: c35-03
Job starts at: Sat Nov  3 15:10:19 EDT 2018

Step 1 :

If you are working in NYU campus, please open an iTerm window, run command

ssh -L 8260:localhost:8260 sb3923@prince.hpc.nyu.edu

If you are working off campus, you should already have ssh tunneling setup through HPC bastion host, 
that you can directly login to prince with command

ssh sb3923@prince

Please open an iTerm window, run command

ssh -L 8260:localhost:8260 sb3923@prince

Step 2:

Keep the iTerm windows in the previouse step open. Now open browser, find the line with

The Jupyter Notebook is running at: c35-03

the URL is something: http://localhost:8260/?token=XXXXXXXX (see your token below)

you should be able to connect to jupyter notebook running remotly on prince compute node with above url

[I 15:10:21.160 NotebookApp] Writing notebook server cookie secret to /state/partition1/job-9756834/jupyter/notebook_cookie_secret
[W 15:10:21.769 NotebookApp] Widgets are unavailable. Please install widgetsnbextension or ipywidgets 4.0
[I 15:10:21.795 NotebookApp] Serving notebooks from local directory: /scratch/sb3923/deep-cancer/jupyter
[I 15:10:21.795 NotebookApp] 0 active kernels 
[I 15:10:21.795 NotebookApp] The Jupyter Notebook is running at: http://localhost:8260/?token=138eff25e0048b0a2822ffb18b138b03565398b2a0045bda
[I 15:10:21.795 NotebookApp] Use Control-C to stop this server and shut down all kernels (twice to skip confirmation).
[C 15:10:21.796 NotebookApp] 
    
    Copy/paste this URL into your browser when you connect for the first time,
    to login with a token:
        http://localhost:8260/?token=138eff25e0048b0a2822ffb18b138b03565398b2a0045bda
[I 15:11:13.124 NotebookApp] 302 GET /?token=138eff25e0048b0a2822ffb18b138b03565398b2a0045bda (::1) 0.81ms
[W 15:11:16.355 NotebookApp] 404 GET /nbextensions/widgets/notebook/js/extension.js?v=20181103151021 (::1) 9.56ms referer=http://localhost:8260/notebooks/step-auc%20comparison.ipynb
[I 15:11:16.570 NotebookApp] Kernel started: c3bfd4ba-fd54-4ff0-8694-381340c7eabc
[I 15:13:16.606 NotebookApp] Saving file at /step-auc comparison.ipynb
[I 15:15:16.844 NotebookApp] Saving file at /step-auc comparison.ipynb
[I 15:16:23.660 NotebookApp] Kernel shutdown: c3bfd4ba-fd54-4ff0-8694-381340c7eabc
slurmstepd: error: *** JOB 9756834 ON c35-03 CANCELLED AT 2018-11-03T15:16:52 ***
