mkdir: cannot create directory ‘experiments’: File exists
socket is already closed.
/share/apps/python3/3.5.3/intel/lib/python3.5/site-packages/matplotlib-2.0.0-py3.5-linux-x86_64.egg/matplotlib/pyplot.py:524: RuntimeWarning: More than 20 figures have been opened. Figures created through the pyplot interface (`matplotlib.pyplot.figure`) are retained until explicitly closed and may consume too much memory. (To control this warning, see the rcParam `figure.max_open_warning`).
  max_open_warning, RuntimeWarning)
socket is already closed.
socket is already closed.
socket is already closed.
socket is already closed.
socket is already closed.
socket is already closed.
socket is already closed.
socket is already closed.
socket is already closed.
socket is already closed.
socket is already closed.
socket is already closed.
socket is already closed.
socket is already closed.
socket is already closed.
slurmstepd: error: *** JOB 10174678 ON gpu-63 CANCELLED AT 2018-11-23T19:59:29 DUE TO TIME LIMIT ***
